[26-Mar-2017 00:00:49 UTC] PHP Warning:  include(Context.php): failed to open stream: No such file or directory in /home/ubuntu/workspace/VillianProject/CST-336-Project-1/Site/store.php on line 3
[26-Mar-2017 00:00:49 UTC] PHP Stack trace:
[26-Mar-2017 00:00:49 UTC] PHP   1. {main}() /home/ubuntu/workspace/VillianProject/CST-336-Project-1/Site/store.php:0
[26-Mar-2017 00:00:49 UTC] PHP Warning:  include(): Failed opening 'Context.php' for inclusion (include_path='.:/usr/share/php:/usr/share/pear') in /home/ubuntu/workspace/VillianProject/CST-336-Project-1/Site/store.php on line 3
[26-Mar-2017 00:00:49 UTC] PHP Stack trace:
[26-Mar-2017 00:00:49 UTC] PHP   1. {main}() /home/ubuntu/workspace/VillianProject/CST-336-Project-1/Site/store.php:0
[26-Mar-2017 00:00:49 UTC] PHP Fatal error:  Call to undefined function getAvailableHenchpeople() in /home/ubuntu/workspace/VillianProject/CST-336-Project-1/Site/store.php on line 24
[26-Mar-2017 00:00:49 UTC] PHP Stack trace:
[26-Mar-2017 00:00:49 UTC] PHP   1. {main}() /home/ubuntu/workspace/VillianProject/CST-336-Project-1/Site/store.php:0
[26-Mar-2017 00:02:29 UTC] PHP Warning:  include(Context.php): failed to open stream: No such file or directory in /home/ubuntu/workspace/VillianProject/CST-336-Project-1/Site/store.php on line 3
[26-Mar-2017 00:02:29 UTC] PHP Stack trace:
[26-Mar-2017 00:02:29 UTC] PHP   1. {main}() /home/ubuntu/workspace/VillianProject/CST-336-Project-1/Site/store.php:0
[26-Mar-2017 00:02:29 UTC] PHP Warning:  include(): Failed opening 'Context.php' for inclusion (include_path='.:/usr/share/php:/usr/share/pear') in /home/ubuntu/workspace/VillianProject/CST-336-Project-1/Site/store.php on line 3
[26-Mar-2017 00:02:29 UTC] PHP Stack trace:
[26-Mar-2017 00:02:29 UTC] PHP   1. {main}() /home/ubuntu/workspace/VillianProject/CST-336-Project-1/Site/store.php:0
[26-Mar-2017 00:02:29 UTC] PHP Fatal error:  Call to undefined function getAvailableHenchpeople() in /home/ubuntu/workspace/VillianProject/CST-336-Project-1/Site/store.php on line 24
[26-Mar-2017 00:02:29 UTC] PHP Stack trace:
[26-Mar-2017 00:02:29 UTC] PHP   1. {main}() /home/ubuntu/workspace/VillianProject/CST-336-Project-1/Site/store.php:0
[26-Mar-2017 00:02:31 UTC] PHP Warning:  include(Context.php): failed to open stream: No such file or directory in /home/ubuntu/workspace/VillianProject/CST-336-Project-1/Site/store.php on line 3
[26-Mar-2017 00:02:31 UTC] PHP Stack trace:
[26-Mar-2017 00:02:31 UTC] PHP   1. {main}() /home/ubuntu/workspace/VillianProject/CST-336-Project-1/Site/store.php:0
[26-Mar-2017 00:02:31 UTC] PHP Warning:  include(): Failed opening 'Context.php' for inclusion (include_path='.:/usr/share/php:/usr/share/pear') in /home/ubuntu/workspace/VillianProject/CST-336-Project-1/Site/store.php on line 3
[26-Mar-2017 00:02:31 UTC] PHP Stack trace:
[26-Mar-2017 00:02:31 UTC] PHP   1. {main}() /home/ubuntu/workspace/VillianProject/CST-336-Project-1/Site/store.php:0
[26-Mar-2017 00:02:31 UTC] PHP Fatal error:  Call to undefined function getAvailableHenchpeople() in /home/ubuntu/workspace/VillianProject/CST-336-Project-1/Site/store.php on line 24
[26-Mar-2017 00:02:31 UTC] PHP Stack trace:
[26-Mar-2017 00:02:31 UTC] PHP   1. {main}() /home/ubuntu/workspace/VillianProject/CST-336-Project-1/Site/store.php:0
[26-Mar-2017 00:02:32 UTC] PHP Warning:  include(Context.php): failed to open stream: No such file or directory in /home/ubuntu/workspace/VillianProject/CST-336-Project-1/Site/store.php on line 3
[26-Mar-2017 00:02:32 UTC] PHP Stack trace:
[26-Mar-2017 00:02:32 UTC] PHP   1. {main}() /home/ubuntu/workspace/VillianProject/CST-336-Project-1/Site/store.php:0
[26-Mar-2017 00:02:32 UTC] PHP Warning:  include(): Failed opening 'Context.php' for inclusion (include_path='.:/usr/share/php:/usr/share/pear') in /home/ubuntu/workspace/VillianProject/CST-336-Project-1/Site/store.php on line 3
[26-Mar-2017 00:02:32 UTC] PHP Stack trace:
[26-Mar-2017 00:02:32 UTC] PHP   1. {main}() /home/ubuntu/workspace/VillianProject/CST-336-Project-1/Site/store.php:0
[26-Mar-2017 00:02:32 UTC] PHP Fatal error:  Call to undefined function getAvailableHenchpeople() in /home/ubuntu/workspace/VillianProject/CST-336-Project-1/Site/store.php on line 24
[26-Mar-2017 00:02:32 UTC] PHP Stack trace:
[26-Mar-2017 00:02:32 UTC] PHP   1. {main}() /home/ubuntu/workspace/VillianProject/CST-336-Project-1/Site/store.php:0
[26-Mar-2017 00:02:32 UTC] PHP Warning:  include(Context.php): failed to open stream: No such file or directory in /home/ubuntu/workspace/VillianProject/CST-336-Project-1/Site/store.php on line 3
[26-Mar-2017 00:02:32 UTC] PHP Stack trace:
[26-Mar-2017 00:02:32 UTC] PHP   1. {main}() /home/ubuntu/workspace/VillianProject/CST-336-Project-1/Site/store.php:0
[26-Mar-2017 00:02:32 UTC] PHP Warning:  include(): Failed opening 'Context.php' for inclusion (include_path='.:/usr/share/php:/usr/share/pear') in /home/ubuntu/workspace/VillianProject/CST-336-Project-1/Site/store.php on line 3
[26-Mar-2017 00:02:32 UTC] PHP Stack trace:
[26-Mar-2017 00:02:32 UTC] PHP   1. {main}() /home/ubuntu/workspace/VillianProject/CST-336-Project-1/Site/store.php:0
[26-Mar-2017 00:02:32 UTC] PHP Fatal error:  Call to undefined function getAvailableHenchpeople() in /home/ubuntu/workspace/VillianProject/CST-336-Project-1/Site/store.php on line 24
[26-Mar-2017 00:02:32 UTC] PHP Stack trace:
[26-Mar-2017 00:02:32 UTC] PHP   1. {main}() /home/ubuntu/workspace/VillianProject/CST-336-Project-1/Site/store.php:0
[26-Mar-2017 00:03:20 UTC] PHP Fatal error:  Call to undefined function getAvailableHenchpeople() in /home/ubuntu/workspace/VillianProject/CST-336-Project-1/Site/store.php on line 24
[26-Mar-2017 00:03:20 UTC] PHP Stack trace:
[26-Mar-2017 00:03:20 UTC] PHP   1. {main}() /home/ubuntu/workspace/VillianProject/CST-336-Project-1/Site/store.php:0
[26-Mar-2017 00:11:57 UTC] PHP Fatal error:  Undefined class constant 'HENCH_ORDER_BY_ID' in /home/ubuntu/workspace/VillianProject/CST-336-Project-1/Site/store.php on line 26
[26-Mar-2017 00:11:57 UTC] PHP Stack trace:
[26-Mar-2017 00:11:57 UTC] PHP   1. {main}() /home/ubuntu/workspace/VillianProject/CST-336-Project-1/Site/store.php:0
[26-Mar-2017 00:32:28 UTC] PHP Fatal error:  Cannot use object of type HenchpersonModel as array in /home/ubuntu/workspace/VillianProject/CST-336-Project-1/Site/store.php on line 27
[26-Mar-2017 00:32:28 UTC] PHP Stack trace:
[26-Mar-2017 00:32:28 UTC] PHP   1. {main}() /home/ubuntu/workspace/VillianProject/CST-336-Project-1/Site/store.php:0
[26-Mar-2017 00:35:37 UTC] PHP Fatal error:  Call to undefined function getAvailableHenchpeople() in /home/ubuntu/workspace/VillianProject/CST-336-Project-1/Site/store.php on line 26
[26-Mar-2017 00:35:37 UTC] PHP Stack trace:
[26-Mar-2017 00:35:37 UTC] PHP   1. {main}() /home/ubuntu/workspace/VillianProject/CST-336-Project-1/Site/store.php:0
[26-Mar-2017 18:49:12 UTC] PHP Catchable fatal error:  Object of class HenchpersonModel could not be converted to string in /home/ubuntu/workspace/VillianProject/CST-336-Project-1/Site/store.php on line 27
[26-Mar-2017 18:49:12 UTC] PHP Stack trace:
[26-Mar-2017 18:49:12 UTC] PHP   1. {main}() /home/ubuntu/workspace/VillianProject/CST-336-Project-1/Site/store.php:0
[26-Mar-2017 22:40:33 UTC] PHP Warning:  Missing argument 1 for Context::getAvailableHenchpeople(), called in /home/ubuntu/workspace/VillianProject/CST-336-Project-1/Site/store.php on line 25 and defined in /home/ubuntu/workspace/VillianProject/CST-336-Project-1/Site/lib/data/Context.php on line 72
[26-Mar-2017 22:40:33 UTC] PHP Stack trace:
[26-Mar-2017 22:40:33 UTC] PHP   1. {main}() /home/ubuntu/workspace/VillianProject/CST-336-Project-1/Site/store.php:0
[26-Mar-2017 22:40:33 UTC] PHP   2. Context->getAvailableHenchpeople() /home/ubuntu/workspace/VillianProject/CST-336-Project-1/Site/store.php:25
[26-Mar-2017 22:40:33 UTC] PHP Catchable fatal error:  Object of class HenchpersonModel could not be converted to string in /home/ubuntu/workspace/VillianProject/CST-336-Project-1/Site/store.php on line 27
[26-Mar-2017 22:40:33 UTC] PHP Stack trace:
[26-Mar-2017 22:40:33 UTC] PHP   1. {main}() /home/ubuntu/workspace/VillianProject/CST-336-Project-1/Site/store.php:0
[26-Mar-2017 22:40:45 UTC] PHP Warning:  Missing argument 1 for Context::getAvailableHenchpeople(), called in /home/ubuntu/workspace/VillianProject/CST-336-Project-1/Site/store.php on line 25 and defined in /home/ubuntu/workspace/VillianProject/CST-336-Project-1/Site/lib/data/Context.php on line 72
[26-Mar-2017 22:40:45 UTC] PHP Stack trace:
[26-Mar-2017 22:40:45 UTC] PHP   1. {main}() /home/ubuntu/workspace/VillianProject/CST-336-Project-1/Site/store.php:0
[26-Mar-2017 22:40:45 UTC] PHP   2. Context->getAvailableHenchpeople() /home/ubuntu/workspace/VillianProject/CST-336-Project-1/Site/store.php:25
[26-Mar-2017 23:12:17 UTC] PHP Parse error:  syntax error, unexpected 'echo' (T_ECHO) in /home/ubuntu/workspace/VillianProject/CST-336-Project-1/Site/store.php on line 63
[26-Mar-2017 23:39:38 UTC] PHP Fatal error:  Undefined class constant 'ORDER_BY_TITLE' in /home/ubuntu/workspace/VillianProject/CST-336-Project-1/Site/store.php on line 19
[26-Mar-2017 23:39:39 UTC] PHP Stack trace:
[26-Mar-2017 23:39:39 UTC] PHP   1. {main}() /home/ubuntu/workspace/VillianProject/CST-336-Project-1/Site/store.php:0
[27-Mar-2017 00:08:54 UTC] PHP Fatal error:  Call to a member function prepare() on a non-object in /home/ubuntu/workspace/VillianProject/CST-336-Project-1/Site/lib/data/Context.php on line 155
[27-Mar-2017 00:08:54 UTC] PHP Stack trace:
[27-Mar-2017 00:08:54 UTC] PHP   1. {main}() /home/ubuntu/workspace/VillianProject/CST-336-Project-1/Site/store.php:0
[27-Mar-2017 00:08:54 UTC] PHP   2. Context->getAvailableHenchpeople() /home/ubuntu/workspace/VillianProject/CST-336-Project-1/Site/store.php:25
[27-Mar-2017 00:50:33 UTC] PHP Catchable fatal error:  Object of class HenchpersonModel could not be converted to string in /home/ubuntu/workspace/VillianProject/CST-336-Project-1/Site/store.php on line 76
[27-Mar-2017 00:50:33 UTC] PHP Stack trace:
[27-Mar-2017 00:50:33 UTC] PHP   1. {main}() /home/ubuntu/workspace/VillianProject/CST-336-Project-1/Site/store.php:0
[27-Mar-2017 05:40:46 UTC] PHP Catchable fatal error:  Object of class HenchpersonModel could not be converted to string in /home/ubuntu/workspace/VillianProject/CST-336-Project-1/Site/store.php on line 83
[27-Mar-2017 05:40:46 UTC] PHP Stack trace:
[27-Mar-2017 05:40:46 UTC] PHP   1. {main}() /home/ubuntu/workspace/VillianProject/CST-336-Project-1/Site/store.php:0
[27-Mar-2017 05:41:16 UTC] PHP Catchable fatal error:  Object of class HenchpersonModel could not be converted to string in /home/ubuntu/workspace/VillianProject/CST-336-Project-1/Site/store.php on line 83
[27-Mar-2017 05:41:16 UTC] PHP Stack trace:
[27-Mar-2017 05:41:16 UTC] PHP   1. {main}() /home/ubuntu/workspace/VillianProject/CST-336-Project-1/Site/store.php:0
[27-Mar-2017 05:50:01 UTC] PHP Catchable fatal error:  Object of class HenchpersonModel could not be converted to string in /home/ubuntu/workspace/VillianProject/CST-336-Project-1/Site/store.php on line 84
[27-Mar-2017 05:50:01 UTC] PHP Stack trace:
[27-Mar-2017 05:50:01 UTC] PHP   1. {main}() /home/ubuntu/workspace/VillianProject/CST-336-Project-1/Site/store.php:0
[27-Mar-2017 15:57:26 UTC] PHP Warning:  Invalid argument supplied for foreach() in /home/ubuntu/workspace/VillianProject/CST-336-Project-1/Site/store.php on line 107
[27-Mar-2017 15:57:26 UTC] PHP Stack trace:
[27-Mar-2017 15:57:26 UTC] PHP   1. {main}() /home/ubuntu/workspace/VillianProject/CST-336-Project-1/Site/store.php:0
[27-Mar-2017 15:57:34 UTC] PHP Warning:  Invalid argument supplied for foreach() in /home/ubuntu/workspace/VillianProject/CST-336-Project-1/Site/store.php on line 107
[27-Mar-2017 15:57:34 UTC] PHP Stack trace:
[27-Mar-2017 15:57:34 UTC] PHP   1. {main}() /home/ubuntu/workspace/VillianProject/CST-336-Project-1/Site/store.php:0
[27-Mar-2017 15:57:34 UTC] PHP Warning:  Invalid argument supplied for foreach() in /home/ubuntu/workspace/VillianProject/CST-336-Project-1/Site/store.php on line 107
[27-Mar-2017 15:57:34 UTC] PHP Stack trace:
[27-Mar-2017 15:57:34 UTC] PHP   1. {main}() /home/ubuntu/workspace/VillianProject/CST-336-Project-1/Site/store.php:0
[27-Mar-2017 15:59:59 UTC] PHP Warning:  Invalid argument supplied for foreach() in /home/ubuntu/workspace/VillianProject/CST-336-Project-1/Site/store.php on line 107
[27-Mar-2017 15:59:59 UTC] PHP Stack trace:
[27-Mar-2017 15:59:59 UTC] PHP   1. {main}() /home/ubuntu/workspace/VillianProject/CST-336-Project-1/Site/store.php:0
[27-Mar-2017 15:59:59 UTC] PHP Warning:  Invalid argument supplied for foreach() in /home/ubuntu/workspace/VillianProject/CST-336-Project-1/Site/store.php on line 107
[27-Mar-2017 15:59:59 UTC] PHP Stack trace:
[27-Mar-2017 15:59:59 UTC] PHP   1. {main}() /home/ubuntu/workspace/VillianProject/CST-336-Project-1/Site/store.php:0
[27-Mar-2017 15:59:59 UTC] PHP Warning:  Invalid argument supplied for foreach() in /home/ubuntu/workspace/VillianProject/CST-336-Project-1/Site/store.php on line 107
[27-Mar-2017 15:59:59 UTC] PHP Stack trace:
[27-Mar-2017 15:59:59 UTC] PHP   1. {main}() /home/ubuntu/workspace/VillianProject/CST-336-Project-1/Site/store.php:0
[27-Mar-2017 15:59:59 UTC] PHP Warning:  Invalid argument supplied for foreach() in /home/ubuntu/workspace/VillianProject/CST-336-Project-1/Site/store.php on line 107
[27-Mar-2017 15:59:59 UTC] PHP Stack trace:
[27-Mar-2017 15:59:59 UTC] PHP   1. {main}() /home/ubuntu/workspace/VillianProject/CST-336-Project-1/Site/store.php:0
[27-Mar-2017 16:00:32 UTC] PHP Warning:  Invalid argument supplied for foreach() in /home/ubuntu/workspace/VillianProject/CST-336-Project-1/Site/store.php on line 107
[27-Mar-2017 16:00:32 UTC] PHP Stack trace:
[27-Mar-2017 16:00:32 UTC] PHP   1. {main}() /home/ubuntu/workspace/VillianProject/CST-336-Project-1/Site/store.php:0
[27-Mar-2017 16:02:52 UTC] PHP Warning:  Invalid argument supplied for foreach() in /home/ubuntu/workspace/VillianProject/CST-336-Project-1/Site/store.php on line 107
[27-Mar-2017 16:02:52 UTC] PHP Stack trace:
[27-Mar-2017 16:02:52 UTC] PHP   1. {main}() /home/ubuntu/workspace/VillianProject/CST-336-Project-1/Site/store.php:0
[27-Mar-2017 16:02:52 UTC] PHP Warning:  Invalid argument supplied for foreach() in /home/ubuntu/workspace/VillianProject/CST-336-Project-1/Site/store.php on line 107
[27-Mar-2017 16:02:52 UTC] PHP Stack trace:
[27-Mar-2017 16:02:52 UTC] PHP   1. {main}() /home/ubuntu/workspace/VillianProject/CST-336-Project-1/Site/store.php:0
[27-Mar-2017 16:02:56 UTC] PHP Warning:  Invalid argument supplied for foreach() in /home/ubuntu/workspace/VillianProject/CST-336-Project-1/Site/store.php on line 107
[27-Mar-2017 16:02:56 UTC] PHP Stack trace:
[27-Mar-2017 16:02:56 UTC] PHP   1. {main}() /home/ubuntu/workspace/VillianProject/CST-336-Project-1/Site/store.php:0
[27-Mar-2017 16:02:56 UTC] PHP Warning:  Invalid argument supplied for foreach() in /home/ubuntu/workspace/VillianProject/CST-336-Project-1/Site/store.php on line 107
[27-Mar-2017 16:02:56 UTC] PHP Stack trace:
[27-Mar-2017 16:02:56 UTC] PHP   1. {main}() /home/ubuntu/workspace/VillianProject/CST-336-Project-1/Site/store.php:0
[27-Mar-2017 16:02:56 UTC] PHP Warning:  Invalid argument supplied for foreach() in /home/ubuntu/workspace/VillianProject/CST-336-Project-1/Site/store.php on line 107
[27-Mar-2017 16:02:56 UTC] PHP Stack trace:
[27-Mar-2017 16:02:56 UTC] PHP   1. {main}() /home/ubuntu/workspace/VillianProject/CST-336-Project-1/Site/store.php:0
[27-Mar-2017 16:03:31 UTC] PHP Warning:  Invalid argument supplied for foreach() in /home/ubuntu/workspace/VillianProject/CST-336-Project-1/Site/store.php on line 107
[27-Mar-2017 16:03:31 UTC] PHP Stack trace:
[27-Mar-2017 16:03:31 UTC] PHP   1. {main}() /home/ubuntu/workspace/VillianProject/CST-336-Project-1/Site/store.php:0
[27-Mar-2017 16:13:17 UTC] PHP Warning:  Invalid argument supplied for foreach() in /home/ubuntu/workspace/VillianProject/CST-336-Project-1/Site/store.php on line 114
[27-Mar-2017 16:13:17 UTC] PHP Stack trace:
[27-Mar-2017 16:13:17 UTC] PHP   1. {main}() /home/ubuntu/workspace/VillianProject/CST-336-Project-1/Site/store.php:0
[27-Mar-2017 16:13:27 UTC] PHP Warning:  Invalid argument supplied for foreach() in /home/ubuntu/workspace/VillianProject/CST-336-Project-1/Site/store.php on line 114
[27-Mar-2017 16:13:27 UTC] PHP Stack trace:
[27-Mar-2017 16:13:27 UTC] PHP   1. {main}() /home/ubuntu/workspace/VillianProject/CST-336-Project-1/Site/store.php:0
[27-Mar-2017 16:13:27 UTC] PHP Warning:  Invalid argument supplied for foreach() in /home/ubuntu/workspace/VillianProject/CST-336-Project-1/Site/store.php on line 114
[27-Mar-2017 16:13:27 UTC] PHP Stack trace:
[27-Mar-2017 16:13:27 UTC] PHP   1. {main}() /home/ubuntu/workspace/VillianProject/CST-336-Project-1/Site/store.php:0
[27-Mar-2017 16:16:11 UTC] PHP Parse error:  syntax error, unexpected '}' in /home/ubuntu/workspace/VillianProject/CST-336-Project-1/Site/store.php on line 32
[27-Mar-2017 16:16:33 UTC] PHP Warning:  Invalid argument supplied for foreach() in /home/ubuntu/workspace/VillianProject/CST-336-Project-1/Site/store.php on line 114
[27-Mar-2017 16:16:33 UTC] PHP Stack trace:
[27-Mar-2017 16:16:33 UTC] PHP   1. {main}() /home/ubuntu/workspace/VillianProject/CST-336-Project-1/Site/store.php:0
[27-Mar-2017 16:16:37 UTC] PHP Warning:  Invalid argument supplied for foreach() in /home/ubuntu/workspace/VillianProject/CST-336-Project-1/Site/store.php on line 114
[27-Mar-2017 16:16:37 UTC] PHP Stack trace:
[27-Mar-2017 16:16:37 UTC] PHP   1. {main}() /home/ubuntu/workspace/VillianProject/CST-336-Project-1/Site/store.php:0
[27-Mar-2017 16:16:37 UTC] PHP Warning:  Invalid argument supplied for foreach() in /home/ubuntu/workspace/VillianProject/CST-336-Project-1/Site/store.php on line 114
[27-Mar-2017 16:16:37 UTC] PHP Stack trace:
[27-Mar-2017 16:16:37 UTC] PHP   1. {main}() /home/ubuntu/workspace/VillianProject/CST-336-Project-1/Site/store.php:0
[27-Mar-2017 16:16:43 UTC] PHP Warning:  Invalid argument supplied for foreach() in /home/ubuntu/workspace/VillianProject/CST-336-Project-1/Site/store.php on line 114
[27-Mar-2017 16:16:43 UTC] PHP Stack trace:
[27-Mar-2017 16:16:43 UTC] PHP   1. {main}() /home/ubuntu/workspace/VillianProject/CST-336-Project-1/Site/store.php:0
[27-Mar-2017 16:16:43 UTC] PHP Warning:  Invalid argument supplied for foreach() in /home/ubuntu/workspace/VillianProject/CST-336-Project-1/Site/store.php on line 114
[27-Mar-2017 16:16:43 UTC] PHP Stack trace:
[27-Mar-2017 16:16:43 UTC] PHP   1. {main}() /home/ubuntu/workspace/VillianProject/CST-336-Project-1/Site/store.php:0
[27-Mar-2017 16:16:43 UTC] PHP Warning:  Invalid argument supplied for foreach() in /home/ubuntu/workspace/VillianProject/CST-336-Project-1/Site/store.php on line 114
[27-Mar-2017 16:16:43 UTC] PHP Stack trace:
[27-Mar-2017 16:16:43 UTC] PHP   1. {main}() /home/ubuntu/workspace/VillianProject/CST-336-Project-1/Site/store.php:0
[27-Mar-2017 16:16:50 UTC] PHP Warning:  Invalid argument supplied for foreach() in /home/ubuntu/workspace/VillianProject/CST-336-Project-1/Site/store.php on line 114
[27-Mar-2017 16:16:50 UTC] PHP Stack trace:
[27-Mar-2017 16:16:50 UTC] PHP   1. {main}() /home/ubuntu/workspace/VillianProject/CST-336-Project-1/Site/store.php:0
[27-Mar-2017 16:16:50 UTC] PHP Warning:  Invalid argument supplied for foreach() in /home/ubuntu/workspace/VillianProject/CST-336-Project-1/Site/store.php on line 114
[27-Mar-2017 16:16:50 UTC] PHP Stack trace:
[27-Mar-2017 16:16:50 UTC] PHP   1. {main}() /home/ubuntu/workspace/VillianProject/CST-336-Project-1/Site/store.php:0
[27-Mar-2017 16:16:50 UTC] PHP Warning:  Invalid argument supplied for foreach() in /home/ubuntu/workspace/VillianProject/CST-336-Project-1/Site/store.php on line 114
[27-Mar-2017 16:16:50 UTC] PHP Stack trace:
[27-Mar-2017 16:16:50 UTC] PHP   1. {main}() /home/ubuntu/workspace/VillianProject/CST-336-Project-1/Site/store.php:0
[27-Mar-2017 16:16:50 UTC] PHP Warning:  Invalid argument supplied for foreach() in /home/ubuntu/workspace/VillianProject/CST-336-Project-1/Site/store.php on line 114
[27-Mar-2017 16:16:50 UTC] PHP Stack trace:
[27-Mar-2017 16:16:50 UTC] PHP   1. {main}() /home/ubuntu/workspace/VillianProject/CST-336-Project-1/Site/store.php:0
[27-Mar-2017 16:16:51 UTC] PHP Warning:  Invalid argument supplied for foreach() in /home/ubuntu/workspace/VillianProject/CST-336-Project-1/Site/store.php on line 114
[27-Mar-2017 16:16:51 UTC] PHP Stack trace:
[27-Mar-2017 16:16:51 UTC] PHP   1. {main}() /home/ubuntu/workspace/VillianProject/CST-336-Project-1/Site/store.php:0
[27-Mar-2017 16:16:51 UTC] PHP Warning:  Invalid argument supplied for foreach() in /home/ubuntu/workspace/VillianProject/CST-336-Project-1/Site/store.php on line 114
[27-Mar-2017 16:16:51 UTC] PHP Stack trace:
[27-Mar-2017 16:16:51 UTC] PHP   1. {main}() /home/ubuntu/workspace/VillianProject/CST-336-Project-1/Site/store.php:0
[27-Mar-2017 16:16:51 UTC] PHP Warning:  Invalid argument supplied for foreach() in /home/ubuntu/workspace/VillianProject/CST-336-Project-1/Site/store.php on line 114
[27-Mar-2017 16:16:51 UTC] PHP Stack trace:
[27-Mar-2017 16:16:51 UTC] PHP   1. {main}() /home/ubuntu/workspace/VillianProject/CST-336-Project-1/Site/store.php:0
[27-Mar-2017 16:16:51 UTC] PHP Warning:  Invalid argument supplied for foreach() in /home/ubuntu/workspace/VillianProject/CST-336-Project-1/Site/store.php on line 114
[27-Mar-2017 16:16:51 UTC] PHP Stack trace:
[27-Mar-2017 16:16:51 UTC] PHP   1. {main}() /home/ubuntu/workspace/VillianProject/CST-336-Project-1/Site/store.php:0
[27-Mar-2017 16:16:51 UTC] PHP Warning:  Invalid argument supplied for foreach() in /home/ubuntu/workspace/VillianProject/CST-336-Project-1/Site/store.php on line 114
[27-Mar-2017 16:16:51 UTC] PHP Stack trace:
[27-Mar-2017 16:16:51 UTC] PHP   1. {main}() /home/ubuntu/workspace/VillianProject/CST-336-Project-1/Site/store.php:0
[27-Mar-2017 16:16:55 UTC] PHP Warning:  Invalid argument supplied for foreach() in /home/ubuntu/workspace/VillianProject/CST-336-Project-1/Site/store.php on line 114
[27-Mar-2017 16:16:55 UTC] PHP Stack trace:
[27-Mar-2017 16:16:55 UTC] PHP   1. {main}() /home/ubuntu/workspace/VillianProject/CST-336-Project-1/Site/store.php:0
[27-Mar-2017 16:16:55 UTC] PHP Warning:  Invalid argument supplied for foreach() in /home/ubuntu/workspace/VillianProject/CST-336-Project-1/Site/store.php on line 114
[27-Mar-2017 16:16:55 UTC] PHP Stack trace:
[27-Mar-2017 16:16:55 UTC] PHP   1. {main}() /home/ubuntu/workspace/VillianProject/CST-336-Project-1/Site/store.php:0
[27-Mar-2017 16:16:55 UTC] PHP Warning:  Invalid argument supplied for foreach() in /home/ubuntu/workspace/VillianProject/CST-336-Project-1/Site/store.php on line 114
[27-Mar-2017 16:16:55 UTC] PHP Stack trace:
[27-Mar-2017 16:16:55 UTC] PHP   1. {main}() /home/ubuntu/workspace/VillianProject/CST-336-Project-1/Site/store.php:0
[27-Mar-2017 16:16:55 UTC] PHP Warning:  Invalid argument supplied for foreach() in /home/ubuntu/workspace/VillianProject/CST-336-Project-1/Site/store.php on line 114
[27-Mar-2017 16:16:55 UTC] PHP Stack trace:
[27-Mar-2017 16:16:55 UTC] PHP   1. {main}() /home/ubuntu/workspace/VillianProject/CST-336-Project-1/Site/store.php:0
[27-Mar-2017 16:16:55 UTC] PHP Warning:  Invalid argument supplied for foreach() in /home/ubuntu/workspace/VillianProject/CST-336-Project-1/Site/store.php on line 114
[27-Mar-2017 16:16:55 UTC] PHP Stack trace:
[27-Mar-2017 16:16:55 UTC] PHP   1. {main}() /home/ubuntu/workspace/VillianProject/CST-336-Project-1/Site/store.php:0
[27-Mar-2017 16:16:59 UTC] PHP Warning:  Invalid argument supplied for foreach() in /home/ubuntu/workspace/VillianProject/CST-336-Project-1/Site/store.php on line 114
[27-Mar-2017 16:16:59 UTC] PHP Stack trace:
[27-Mar-2017 16:16:59 UTC] PHP   1. {main}() /home/ubuntu/workspace/VillianProject/CST-336-Project-1/Site/store.php:0
[27-Mar-2017 16:16:59 UTC] PHP Warning:  Invalid argument supplied for foreach() in /home/ubuntu/workspace/VillianProject/CST-336-Project-1/Site/store.php on line 114
[27-Mar-2017 16:16:59 UTC] PHP Stack trace:
[27-Mar-2017 16:16:59 UTC] PHP   1. {main}() /home/ubuntu/workspace/VillianProject/CST-336-Project-1/Site/store.php:0
[27-Mar-2017 16:16:59 UTC] PHP Warning:  Invalid argument supplied for foreach() in /home/ubuntu/workspace/VillianProject/CST-336-Project-1/Site/store.php on line 114
[27-Mar-2017 16:16:59 UTC] PHP Stack trace:
[27-Mar-2017 16:16:59 UTC] PHP   1. {main}() /home/ubuntu/workspace/VillianProject/CST-336-Project-1/Site/store.php:0
[27-Mar-2017 16:16:59 UTC] PHP Warning:  Invalid argument supplied for foreach() in /home/ubuntu/workspace/VillianProject/CST-336-Project-1/Site/store.php on line 114
[27-Mar-2017 16:16:59 UTC] PHP Stack trace:
[27-Mar-2017 16:16:59 UTC] PHP   1. {main}() /home/ubuntu/workspace/VillianProject/CST-336-Project-1/Site/store.php:0
[27-Mar-2017 16:16:59 UTC] PHP Warning:  Invalid argument supplied for foreach() in /home/ubuntu/workspace/VillianProject/CST-336-Project-1/Site/store.php on line 114
[27-Mar-2017 16:16:59 UTC] PHP Stack trace:
[27-Mar-2017 16:16:59 UTC] PHP   1. {main}() /home/ubuntu/workspace/VillianProject/CST-336-Project-1/Site/store.php:0
[27-Mar-2017 16:16:59 UTC] PHP Warning:  Invalid argument supplied for foreach() in /home/ubuntu/workspace/VillianProject/CST-336-Project-1/Site/store.php on line 114
[27-Mar-2017 16:16:59 UTC] PHP Stack trace:
[27-Mar-2017 16:16:59 UTC] PHP   1. {main}() /home/ubuntu/workspace/VillianProject/CST-336-Project-1/Site/store.php:0
[27-Mar-2017 16:18:20 UTC] PHP Warning:  Invalid argument supplied for foreach() in /home/ubuntu/workspace/VillianProject/CST-336-Project-1/Site/store.php on line 115
[27-Mar-2017 16:18:20 UTC] PHP Stack trace:
[27-Mar-2017 16:18:20 UTC] PHP   1. {main}() /home/ubuntu/workspace/VillianProject/CST-336-Project-1/Site/store.php:0
[27-Mar-2017 16:18:56 UTC] PHP Warning:  Invalid argument supplied for foreach() in /home/ubuntu/workspace/VillianProject/CST-336-Project-1/Site/store.php on line 114
[27-Mar-2017 16:18:56 UTC] PHP Stack trace:
[27-Mar-2017 16:18:56 UTC] PHP   1. {main}() /home/ubuntu/workspace/VillianProject/CST-336-Project-1/Site/store.php:0
[27-Mar-2017 16:18:56 UTC] PHP Warning:  Invalid argument supplied for foreach() in /home/ubuntu/workspace/VillianProject/CST-336-Project-1/Site/store.php on line 114
[27-Mar-2017 16:18:56 UTC] PHP Stack trace:
[27-Mar-2017 16:18:56 UTC] PHP   1. {main}() /home/ubuntu/workspace/VillianProject/CST-336-Project-1/Site/store.php:0
[27-Mar-2017 16:19:04 UTC] PHP Warning:  Invalid argument supplied for foreach() in /home/ubuntu/workspace/VillianProject/CST-336-Project-1/Site/store.php on line 114
[27-Mar-2017 16:19:04 UTC] PHP Stack trace:
[27-Mar-2017 16:19:04 UTC] PHP   1. {main}() /home/ubuntu/workspace/VillianProject/CST-336-Project-1/Site/store.php:0
[27-Mar-2017 16:19:04 UTC] PHP Warning:  Invalid argument supplied for foreach() in /home/ubuntu/workspace/VillianProject/CST-336-Project-1/Site/store.php on line 114
[27-Mar-2017 16:19:04 UTC] PHP Stack trace:
[27-Mar-2017 16:19:04 UTC] PHP   1. {main}() /home/ubuntu/workspace/VillianProject/CST-336-Project-1/Site/store.php:0
[27-Mar-2017 16:19:04 UTC] PHP Warning:  Invalid argument supplied for foreach() in /home/ubuntu/workspace/VillianProject/CST-336-Project-1/Site/store.php on line 114
[27-Mar-2017 16:19:04 UTC] PHP Stack trace:
[27-Mar-2017 16:19:04 UTC] PHP   1. {main}() /home/ubuntu/workspace/VillianProject/CST-336-Project-1/Site/store.php:0
[27-Mar-2017 16:19:34 UTC] PHP Warning:  Invalid argument supplied for foreach() in /home/ubuntu/workspace/VillianProject/CST-336-Project-1/Site/store.php on line 114
[27-Mar-2017 16:19:34 UTC] PHP Stack trace:
[27-Mar-2017 16:19:34 UTC] PHP   1. {main}() /home/ubuntu/workspace/VillianProject/CST-336-Project-1/Site/store.php:0
[27-Mar-2017 16:19:34 UTC] PHP Warning:  Invalid argument supplied for foreach() in /home/ubuntu/workspace/VillianProject/CST-336-Project-1/Site/store.php on line 114
[27-Mar-2017 16:19:34 UTC] PHP Stack trace:
[27-Mar-2017 16:19:34 UTC] PHP   1. {main}() /home/ubuntu/workspace/VillianProject/CST-336-Project-1/Site/store.php:0
[27-Mar-2017 16:19:35 UTC] PHP Warning:  Invalid argument supplied for foreach() in /home/ubuntu/workspace/VillianProject/CST-336-Project-1/Site/store.php on line 114
[27-Mar-2017 16:19:35 UTC] PHP Stack trace:
[27-Mar-2017 16:19:35 UTC] PHP   1. {main}() /home/ubuntu/workspace/VillianProject/CST-336-Project-1/Site/store.php:0
[27-Mar-2017 16:19:36 UTC] PHP Warning:  Invalid argument supplied for foreach() in /home/ubuntu/workspace/VillianProject/CST-336-Project-1/Site/store.php on line 114
[27-Mar-2017 16:19:36 UTC] PHP Stack trace:
[27-Mar-2017 16:19:36 UTC] PHP   1. {main}() /home/ubuntu/workspace/VillianProject/CST-336-Project-1/Site/store.php:0
[27-Mar-2017 16:19:37 UTC] PHP Warning:  Invalid argument supplied for foreach() in /home/ubuntu/workspace/VillianProject/CST-336-Project-1/Site/store.php on line 114
[27-Mar-2017 16:19:37 UTC] PHP Stack trace:
[27-Mar-2017 16:19:37 UTC] PHP   1. {main}() /home/ubuntu/workspace/VillianProject/CST-336-Project-1/Site/store.php:0
[27-Mar-2017 16:19:38 UTC] PHP Warning:  Invalid argument supplied for foreach() in /home/ubuntu/workspace/VillianProject/CST-336-Project-1/Site/store.php on line 114
[27-Mar-2017 16:19:38 UTC] PHP Stack trace:
[27-Mar-2017 16:19:38 UTC] PHP   1. {main}() /home/ubuntu/workspace/VillianProject/CST-336-Project-1/Site/store.php:0
[27-Mar-2017 16:19:38 UTC] PHP Warning:  Invalid argument supplied for foreach() in /home/ubuntu/workspace/VillianProject/CST-336-Project-1/Site/store.php on line 114
[27-Mar-2017 16:19:38 UTC] PHP Stack trace:
[27-Mar-2017 16:19:38 UTC] PHP   1. {main}() /home/ubuntu/workspace/VillianProject/CST-336-Project-1/Site/store.php:0
[27-Mar-2017 16:19:39 UTC] PHP Warning:  Invalid argument supplied for foreach() in /home/ubuntu/workspace/VillianProject/CST-336-Project-1/Site/store.php on line 114
[27-Mar-2017 16:19:39 UTC] PHP Stack trace:
[27-Mar-2017 16:19:39 UTC] PHP   1. {main}() /home/ubuntu/workspace/VillianProject/CST-336-Project-1/Site/store.php:0
[27-Mar-2017 16:19:40 UTC] PHP Warning:  Invalid argument supplied for foreach() in /home/ubuntu/workspace/VillianProject/CST-336-Project-1/Site/store.php on line 114
[27-Mar-2017 16:19:40 UTC] PHP Stack trace:
[27-Mar-2017 16:19:40 UTC] PHP   1. {main}() /home/ubuntu/workspace/VillianProject/CST-336-Project-1/Site/store.php:0
[27-Mar-2017 16:19:44 UTC] PHP Warning:  Invalid argument supplied for foreach() in /home/ubuntu/workspace/VillianProject/CST-336-Project-1/Site/store.php on line 114
[27-Mar-2017 16:19:44 UTC] PHP Stack trace:
[27-Mar-2017 16:19:44 UTC] PHP   1. {main}() /home/ubuntu/workspace/VillianProject/CST-336-Project-1/Site/store.php:0
[27-Mar-2017 16:19:44 UTC] PHP Warning:  Invalid argument supplied for foreach() in /home/ubuntu/workspace/VillianProject/CST-336-Project-1/Site/store.php on line 114
[27-Mar-2017 16:19:44 UTC] PHP Stack trace:
[27-Mar-2017 16:19:44 UTC] PHP   1. {main}() /home/ubuntu/workspace/VillianProject/CST-336-Project-1/Site/store.php:0
[27-Mar-2017 16:19:50 UTC] PHP Warning:  Invalid argument supplied for foreach() in /home/ubuntu/workspace/VillianProject/CST-336-Project-1/Site/store.php on line 114
[27-Mar-2017 16:19:50 UTC] PHP Stack trace:
[27-Mar-2017 16:19:50 UTC] PHP   1. {main}() /home/ubuntu/workspace/VillianProject/CST-336-Project-1/Site/store.php:0
[27-Mar-2017 16:19:51 UTC] PHP Warning:  Invalid argument supplied for foreach() in /home/ubuntu/workspace/VillianProject/CST-336-Project-1/Site/store.php on line 114
[27-Mar-2017 16:19:51 UTC] PHP Stack trace:
[27-Mar-2017 16:19:51 UTC] PHP   1. {main}() /home/ubuntu/workspace/VillianProject/CST-336-Project-1/Site/store.php:0
[27-Mar-2017 16:19:55 UTC] PHP Warning:  Invalid argument supplied for foreach() in /home/ubuntu/workspace/VillianProject/CST-336-Project-1/Site/store.php on line 114
[27-Mar-2017 16:19:55 UTC] PHP Stack trace:
[27-Mar-2017 16:19:55 UTC] PHP   1. {main}() /home/ubuntu/workspace/VillianProject/CST-336-Project-1/Site/store.php:0
[27-Mar-2017 16:19:57 UTC] PHP Warning:  Invalid argument supplied for foreach() in /home/ubuntu/workspace/VillianProject/CST-336-Project-1/Site/store.php on line 114
[27-Mar-2017 16:19:57 UTC] PHP Stack trace:
[27-Mar-2017 16:19:57 UTC] PHP   1. {main}() /home/ubuntu/workspace/VillianProject/CST-336-Project-1/Site/store.php:0
[27-Mar-2017 16:19:57 UTC] PHP Warning:  Invalid argument supplied for foreach() in /home/ubuntu/workspace/VillianProject/CST-336-Project-1/Site/store.php on line 114
[27-Mar-2017 16:19:57 UTC] PHP Stack trace:
[27-Mar-2017 16:19:57 UTC] PHP   1. {main}() /home/ubuntu/workspace/VillianProject/CST-336-Project-1/Site/store.php:0
[27-Mar-2017 16:19:57 UTC] PHP Warning:  Invalid argument supplied for foreach() in /home/ubuntu/workspace/VillianProject/CST-336-Project-1/Site/store.php on line 114
[27-Mar-2017 16:19:57 UTC] PHP Stack trace:
[27-Mar-2017 16:19:57 UTC] PHP   1. {main}() /home/ubuntu/workspace/VillianProject/CST-336-Project-1/Site/store.php:0
[27-Mar-2017 16:19:57 UTC] PHP Warning:  Invalid argument supplied for foreach() in /home/ubuntu/workspace/VillianProject/CST-336-Project-1/Site/store.php on line 114
[27-Mar-2017 16:19:57 UTC] PHP Stack trace:
[27-Mar-2017 16:19:57 UTC] PHP   1. {main}() /home/ubuntu/workspace/VillianProject/CST-336-Project-1/Site/store.php:0
[27-Mar-2017 16:19:58 UTC] PHP Warning:  Invalid argument supplied for foreach() in /home/ubuntu/workspace/VillianProject/CST-336-Project-1/Site/store.php on line 114
[27-Mar-2017 16:19:58 UTC] PHP Stack trace:
[27-Mar-2017 16:19:58 UTC] PHP   1. {main}() /home/ubuntu/workspace/VillianProject/CST-336-Project-1/Site/store.php:0
[27-Mar-2017 16:19:58 UTC] PHP Warning:  Invalid argument supplied for foreach() in /home/ubuntu/workspace/VillianProject/CST-336-Project-1/Site/store.php on line 114
[27-Mar-2017 16:19:58 UTC] PHP Stack trace:
[27-Mar-2017 16:19:58 UTC] PHP   1. {main}() /home/ubuntu/workspace/VillianProject/CST-336-Project-1/Site/store.php:0
[27-Mar-2017 16:19:59 UTC] PHP Warning:  Invalid argument supplied for foreach() in /home/ubuntu/workspace/VillianProject/CST-336-Project-1/Site/store.php on line 114
[27-Mar-2017 16:19:59 UTC] PHP Stack trace:
[27-Mar-2017 16:19:59 UTC] PHP   1. {main}() /home/ubuntu/workspace/VillianProject/CST-336-Project-1/Site/store.php:0
[27-Mar-2017 16:19:59 UTC] PHP Warning:  Invalid argument supplied for foreach() in /home/ubuntu/workspace/VillianProject/CST-336-Project-1/Site/store.php on line 114
[27-Mar-2017 16:19:59 UTC] PHP Stack trace:
[27-Mar-2017 16:19:59 UTC] PHP   1. {main}() /home/ubuntu/workspace/VillianProject/CST-336-Project-1/Site/store.php:0
[27-Mar-2017 16:19:59 UTC] PHP Warning:  Invalid argument supplied for foreach() in /home/ubuntu/workspace/VillianProject/CST-336-Project-1/Site/store.php on line 114
[27-Mar-2017 16:19:59 UTC] PHP Stack trace:
[27-Mar-2017 16:19:59 UTC] PHP   1. {main}() /home/ubuntu/workspace/VillianProject/CST-336-Project-1/Site/store.php:0
[27-Mar-2017 16:19:59 UTC] PHP Warning:  Invalid argument supplied for foreach() in /home/ubuntu/workspace/VillianProject/CST-336-Project-1/Site/store.php on line 114
[27-Mar-2017 16:19:59 UTC] PHP Stack trace:
[27-Mar-2017 16:19:59 UTC] PHP   1. {main}() /home/ubuntu/workspace/VillianProject/CST-336-Project-1/Site/store.php:0
[27-Mar-2017 16:20:00 UTC] PHP Warning:  Invalid argument supplied for foreach() in /home/ubuntu/workspace/VillianProject/CST-336-Project-1/Site/store.php on line 114
[27-Mar-2017 16:20:00 UTC] PHP Stack trace:
[27-Mar-2017 16:20:00 UTC] PHP   1. {main}() /home/ubuntu/workspace/VillianProject/CST-336-Project-1/Site/store.php:0
[27-Mar-2017 16:20:00 UTC] PHP Warning:  Invalid argument supplied for foreach() in /home/ubuntu/workspace/VillianProject/CST-336-Project-1/Site/store.php on line 114
[27-Mar-2017 16:20:00 UTC] PHP Stack trace:
[27-Mar-2017 16:20:00 UTC] PHP   1. {main}() /home/ubuntu/workspace/VillianProject/CST-336-Project-1/Site/store.php:0
[27-Mar-2017 16:20:05 UTC] PHP Warning:  Invalid argument supplied for foreach() in /home/ubuntu/workspace/VillianProject/CST-336-Project-1/Site/store.php on line 114
[27-Mar-2017 16:20:05 UTC] PHP Stack trace:
[27-Mar-2017 16:20:05 UTC] PHP   1. {main}() /home/ubuntu/workspace/VillianProject/CST-336-Project-1/Site/store.php:0
[27-Mar-2017 16:20:05 UTC] PHP Warning:  Invalid argument supplied for foreach() in /home/ubuntu/workspace/VillianProject/CST-336-Project-1/Site/store.php on line 114
[27-Mar-2017 16:20:05 UTC] PHP Stack trace:
[27-Mar-2017 16:20:05 UTC] PHP   1. {main}() /home/ubuntu/workspace/VillianProject/CST-336-Project-1/Site/store.php:0
[27-Mar-2017 16:20:09 UTC] PHP Warning:  Invalid argument supplied for foreach() in /home/ubuntu/workspace/VillianProject/CST-336-Project-1/Site/store.php on line 114
[27-Mar-2017 16:20:09 UTC] PHP Stack trace:
[27-Mar-2017 16:20:09 UTC] PHP   1. {main}() /home/ubuntu/workspace/VillianProject/CST-336-Project-1/Site/store.php:0
[27-Mar-2017 16:20:09 UTC] PHP Warning:  Invalid argument supplied for foreach() in /home/ubuntu/workspace/VillianProject/CST-336-Project-1/Site/store.php on line 114
[27-Mar-2017 16:20:09 UTC] PHP Stack trace:
[27-Mar-2017 16:20:09 UTC] PHP   1. {main}() /home/ubuntu/workspace/VillianProject/CST-336-Project-1/Site/store.php:0
[27-Mar-2017 16:20:09 UTC] PHP Warning:  Invalid argument supplied for foreach() in /home/ubuntu/workspace/VillianProject/CST-336-Project-1/Site/store.php on line 114
[27-Mar-2017 16:20:09 UTC] PHP Stack trace:
[27-Mar-2017 16:20:09 UTC] PHP   1. {main}() /home/ubuntu/workspace/VillianProject/CST-336-Project-1/Site/store.php:0
[27-Mar-2017 16:20:10 UTC] PHP Warning:  Invalid argument supplied for foreach() in /home/ubuntu/workspace/VillianProject/CST-336-Project-1/Site/store.php on line 114
[27-Mar-2017 16:20:10 UTC] PHP Stack trace:
[27-Mar-2017 16:20:10 UTC] PHP   1. {main}() /home/ubuntu/workspace/VillianProject/CST-336-Project-1/Site/store.php:0
[27-Mar-2017 16:20:10 UTC] PHP Warning:  Invalid argument supplied for foreach() in /home/ubuntu/workspace/VillianProject/CST-336-Project-1/Site/store.php on line 114
[27-Mar-2017 16:20:10 UTC] PHP Stack trace:
[27-Mar-2017 16:20:10 UTC] PHP   1. {main}() /home/ubuntu/workspace/VillianProject/CST-336-Project-1/Site/store.php:0
[27-Mar-2017 16:20:10 UTC] PHP Warning:  Invalid argument supplied for foreach() in /home/ubuntu/workspace/VillianProject/CST-336-Project-1/Site/store.php on line 114
[27-Mar-2017 16:20:10 UTC] PHP Stack trace:
[27-Mar-2017 16:20:10 UTC] PHP   1. {main}() /home/ubuntu/workspace/VillianProject/CST-336-Project-1/Site/store.php:0
[27-Mar-2017 16:20:10 UTC] PHP Warning:  Invalid argument supplied for foreach() in /home/ubuntu/workspace/VillianProject/CST-336-Project-1/Site/store.php on line 114
[27-Mar-2017 16:20:10 UTC] PHP Stack trace:
[27-Mar-2017 16:20:10 UTC] PHP   1. {main}() /home/ubuntu/workspace/VillianProject/CST-336-Project-1/Site/store.php:0
[27-Mar-2017 16:20:11 UTC] PHP Warning:  Invalid argument supplied for foreach() in /home/ubuntu/workspace/VillianProject/CST-336-Project-1/Site/store.php on line 114
[27-Mar-2017 16:20:11 UTC] PHP Stack trace:
[27-Mar-2017 16:20:11 UTC] PHP   1. {main}() /home/ubuntu/workspace/VillianProject/CST-336-Project-1/Site/store.php:0
[27-Mar-2017 16:20:11 UTC] PHP Warning:  Invalid argument supplied for foreach() in /home/ubuntu/workspace/VillianProject/CST-336-Project-1/Site/store.php on line 114
[27-Mar-2017 16:20:11 UTC] PHP Stack trace:
[27-Mar-2017 16:20:11 UTC] PHP   1. {main}() /home/ubuntu/workspace/VillianProject/CST-336-Project-1/Site/store.php:0
[27-Mar-2017 16:20:11 UTC] PHP Warning:  Invalid argument supplied for foreach() in /home/ubuntu/workspace/VillianProject/CST-336-Project-1/Site/store.php on line 114
[27-Mar-2017 16:20:11 UTC] PHP Stack trace:
[27-Mar-2017 16:20:11 UTC] PHP   1. {main}() /home/ubuntu/workspace/VillianProject/CST-336-Project-1/Site/store.php:0
[27-Mar-2017 16:20:11 UTC] PHP Warning:  Invalid argument supplied for foreach() in /home/ubuntu/workspace/VillianProject/CST-336-Project-1/Site/store.php on line 114
[27-Mar-2017 16:20:11 UTC] PHP Stack trace:
[27-Mar-2017 16:20:11 UTC] PHP   1. {main}() /home/ubuntu/workspace/VillianProject/CST-336-Project-1/Site/store.php:0
[27-Mar-2017 16:20:12 UTC] PHP Warning:  Invalid argument supplied for foreach() in /home/ubuntu/workspace/VillianProject/CST-336-Project-1/Site/store.php on line 114
[27-Mar-2017 16:20:12 UTC] PHP Stack trace:
[27-Mar-2017 16:20:12 UTC] PHP   1. {main}() /home/ubuntu/workspace/VillianProject/CST-336-Project-1/Site/store.php:0
[27-Mar-2017 16:20:12 UTC] PHP Warning:  Invalid argument supplied for foreach() in /home/ubuntu/workspace/VillianProject/CST-336-Project-1/Site/store.php on line 114
[27-Mar-2017 16:20:12 UTC] PHP Stack trace:
[27-Mar-2017 16:20:12 UTC] PHP   1. {main}() /home/ubuntu/workspace/VillianProject/CST-336-Project-1/Site/store.php:0
[27-Mar-2017 16:20:12 UTC] PHP Warning:  Invalid argument supplied for foreach() in /home/ubuntu/workspace/VillianProject/CST-336-Project-1/Site/store.php on line 114
[27-Mar-2017 16:20:12 UTC] PHP Stack trace:
[27-Mar-2017 16:20:12 UTC] PHP   1. {main}() /home/ubuntu/workspace/VillianProject/CST-336-Project-1/Site/store.php:0
[27-Mar-2017 16:20:12 UTC] PHP Warning:  Invalid argument supplied for foreach() in /home/ubuntu/workspace/VillianProject/CST-336-Project-1/Site/store.php on line 114
[27-Mar-2017 16:20:12 UTC] PHP Stack trace:
[27-Mar-2017 16:20:12 UTC] PHP   1. {main}() /home/ubuntu/workspace/VillianProject/CST-336-Project-1/Site/store.php:0
[27-Mar-2017 16:20:13 UTC] PHP Warning:  Invalid argument supplied for foreach() in /home/ubuntu/workspace/VillianProject/CST-336-Project-1/Site/store.php on line 114
[27-Mar-2017 16:20:13 UTC] PHP Stack trace:
[27-Mar-2017 16:20:13 UTC] PHP   1. {main}() /home/ubuntu/workspace/VillianProject/CST-336-Project-1/Site/store.php:0
[27-Mar-2017 16:20:13 UTC] PHP Warning:  Invalid argument supplied for foreach() in /home/ubuntu/workspace/VillianProject/CST-336-Project-1/Site/store.php on line 114
[27-Mar-2017 16:20:13 UTC] PHP Stack trace:
[27-Mar-2017 16:20:13 UTC] PHP   1. {main}() /home/ubuntu/workspace/VillianProject/CST-336-Project-1/Site/store.php:0
[27-Mar-2017 16:20:13 UTC] PHP Warning:  Invalid argument supplied for foreach() in /home/ubuntu/workspace/VillianProject/CST-336-Project-1/Site/store.php on line 114
[27-Mar-2017 16:20:13 UTC] PHP Stack trace:
[27-Mar-2017 16:20:13 UTC] PHP   1. {main}() /home/ubuntu/workspace/VillianProject/CST-336-Project-1/Site/store.php:0
[27-Mar-2017 16:20:13 UTC] PHP Warning:  Invalid argument supplied for foreach() in /home/ubuntu/workspace/VillianProject/CST-336-Project-1/Site/store.php on line 114
[27-Mar-2017 16:20:13 UTC] PHP Stack trace:
[27-Mar-2017 16:20:13 UTC] PHP   1. {main}() /home/ubuntu/workspace/VillianProject/CST-336-Project-1/Site/store.php:0
[27-Mar-2017 16:20:13 UTC] PHP Warning:  Invalid argument supplied for foreach() in /home/ubuntu/workspace/VillianProject/CST-336-Project-1/Site/store.php on line 114
[27-Mar-2017 16:20:13 UTC] PHP Stack trace:
[27-Mar-2017 16:20:13 UTC] PHP   1. {main}() /home/ubuntu/workspace/VillianProject/CST-336-Project-1/Site/store.php:0
[27-Mar-2017 16:20:13 UTC] PHP Warning:  Invalid argument supplied for foreach() in /home/ubuntu/workspace/VillianProject/CST-336-Project-1/Site/store.php on line 114
[27-Mar-2017 16:20:13 UTC] PHP Stack trace:
[27-Mar-2017 16:20:13 UTC] PHP   1. {main}() /home/ubuntu/workspace/VillianProject/CST-336-Project-1/Site/store.php:0
[27-Mar-2017 16:20:13 UTC] PHP Warning:  Invalid argument supplied for foreach() in /home/ubuntu/workspace/VillianProject/CST-336-Project-1/Site/store.php on line 114
[27-Mar-2017 16:20:13 UTC] PHP Stack trace:
[27-Mar-2017 16:20:13 UTC] PHP   1. {main}() /home/ubuntu/workspace/VillianProject/CST-336-Project-1/Site/store.php:0
[27-Mar-2017 16:20:13 UTC] PHP Warning:  Invalid argument supplied for foreach() in /home/ubuntu/workspace/VillianProject/CST-336-Project-1/Site/store.php on line 114
[27-Mar-2017 16:20:13 UTC] PHP Stack trace:
[27-Mar-2017 16:20:13 UTC] PHP   1. {main}() /home/ubuntu/workspace/VillianProject/CST-336-Project-1/Site/store.php:0
[27-Mar-2017 16:20:14 UTC] PHP Warning:  Invalid argument supplied for foreach() in /home/ubuntu/workspace/VillianProject/CST-336-Project-1/Site/store.php on line 114
[27-Mar-2017 16:20:14 UTC] PHP Stack trace:
[27-Mar-2017 16:20:14 UTC] PHP   1. {main}() /home/ubuntu/workspace/VillianProject/CST-336-Project-1/Site/store.php:0
[27-Mar-2017 16:20:14 UTC] PHP Warning:  Invalid argument supplied for foreach() in /home/ubuntu/workspace/VillianProject/CST-336-Project-1/Site/store.php on line 114
[27-Mar-2017 16:20:14 UTC] PHP Stack trace:
[27-Mar-2017 16:20:14 UTC] PHP   1. {main}() /home/ubuntu/workspace/VillianProject/CST-336-Project-1/Site/store.php:0
[27-Mar-2017 16:20:14 UTC] PHP Warning:  Invalid argument supplied for foreach() in /home/ubuntu/workspace/VillianProject/CST-336-Project-1/Site/store.php on line 114
[27-Mar-2017 16:20:14 UTC] PHP Stack trace:
[27-Mar-2017 16:20:14 UTC] PHP   1. {main}() /home/ubuntu/workspace/VillianProject/CST-336-Project-1/Site/store.php:0
[27-Mar-2017 16:20:14 UTC] PHP Warning:  Invalid argument supplied for foreach() in /home/ubuntu/workspace/VillianProject/CST-336-Project-1/Site/store.php on line 114
[27-Mar-2017 16:20:14 UTC] PHP Stack trace:
[27-Mar-2017 16:20:14 UTC] PHP   1. {main}() /home/ubuntu/workspace/VillianProject/CST-336-Project-1/Site/store.php:0
[27-Mar-2017 16:24:53 UTC] PHP Warning:  Invalid argument supplied for foreach() in /home/ubuntu/workspace/VillianProject/CST-336-Project-1/Site/store.php on line 114
[27-Mar-2017 16:24:53 UTC] PHP Stack trace:
[27-Mar-2017 16:24:53 UTC] PHP   1. {main}() /home/ubuntu/workspace/VillianProject/CST-336-Project-1/Site/store.php:0
[27-Mar-2017 16:24:53 UTC] PHP Warning:  Invalid argument supplied for foreach() in /home/ubuntu/workspace/VillianProject/CST-336-Project-1/Site/store.php on line 114
[27-Mar-2017 16:24:53 UTC] PHP Stack trace:
[27-Mar-2017 16:24:53 UTC] PHP   1. {main}() /home/ubuntu/workspace/VillianProject/CST-336-Project-1/Site/store.php:0
[27-Mar-2017 16:24:53 UTC] PHP Warning:  Invalid argument supplied for foreach() in /home/ubuntu/workspace/VillianProject/CST-336-Project-1/Site/store.php on line 114
[27-Mar-2017 16:24:53 UTC] PHP Stack trace:
[27-Mar-2017 16:24:53 UTC] PHP   1. {main}() /home/ubuntu/workspace/VillianProject/CST-336-Project-1/Site/store.php:0
[27-Mar-2017 16:24:53 UTC] PHP Warning:  Invalid argument supplied for foreach() in /home/ubuntu/workspace/VillianProject/CST-336-Project-1/Site/store.php on line 114
[27-Mar-2017 16:24:53 UTC] PHP Stack trace:
[27-Mar-2017 16:24:53 UTC] PHP   1. {main}() /home/ubuntu/workspace/VillianProject/CST-336-Project-1/Site/store.php:0
[27-Mar-2017 16:24:53 UTC] PHP Warning:  Invalid argument supplied for foreach() in /home/ubuntu/workspace/VillianProject/CST-336-Project-1/Site/store.php on line 114
[27-Mar-2017 16:24:53 UTC] PHP Stack trace:
[27-Mar-2017 16:24:53 UTC] PHP   1. {main}() /home/ubuntu/workspace/VillianProject/CST-336-Project-1/Site/store.php:0
[27-Mar-2017 16:25:08 UTC] PHP Warning:  Invalid argument supplied for foreach() in /home/ubuntu/workspace/VillianProject/CST-336-Project-1/Site/store.php on line 114
[27-Mar-2017 16:25:08 UTC] PHP Stack trace:
[27-Mar-2017 16:25:08 UTC] PHP   1. {main}() /home/ubuntu/workspace/VillianProject/CST-336-Project-1/Site/store.php:0
[27-Mar-2017 16:25:08 UTC] PHP Warning:  Invalid argument supplied for foreach() in /home/ubuntu/workspace/VillianProject/CST-336-Project-1/Site/store.php on line 114
[27-Mar-2017 16:25:08 UTC] PHP Stack trace:
[27-Mar-2017 16:25:08 UTC] PHP   1. {main}() /home/ubuntu/workspace/VillianProject/CST-336-Project-1/Site/store.php:0
[27-Mar-2017 16:25:08 UTC] PHP Warning:  Invalid argument supplied for foreach() in /home/ubuntu/workspace/VillianProject/CST-336-Project-1/Site/store.php on line 114
[27-Mar-2017 16:25:08 UTC] PHP Stack trace:
[27-Mar-2017 16:25:08 UTC] PHP   1. {main}() /home/ubuntu/workspace/VillianProject/CST-336-Project-1/Site/store.php:0
[27-Mar-2017 16:25:08 UTC] PHP Warning:  Invalid argument supplied for foreach() in /home/ubuntu/workspace/VillianProject/CST-336-Project-1/Site/store.php on line 114
[27-Mar-2017 16:25:08 UTC] PHP Stack trace:
[27-Mar-2017 16:25:08 UTC] PHP   1. {main}() /home/ubuntu/workspace/VillianProject/CST-336-Project-1/Site/store.php:0
[27-Mar-2017 16:25:08 UTC] PHP Warning:  Invalid argument supplied for foreach() in /home/ubuntu/workspace/VillianProject/CST-336-Project-1/Site/store.php on line 114
[27-Mar-2017 16:25:08 UTC] PHP Stack trace:
[27-Mar-2017 16:25:08 UTC] PHP   1. {main}() /home/ubuntu/workspace/VillianProject/CST-336-Project-1/Site/store.php:0
[27-Mar-2017 16:25:08 UTC] PHP Warning:  Invalid argument supplied for foreach() in /home/ubuntu/workspace/VillianProject/CST-336-Project-1/Site/store.php on line 114
[27-Mar-2017 16:25:08 UTC] PHP Stack trace:
[27-Mar-2017 16:25:08 UTC] PHP   1. {main}() /home/ubuntu/workspace/VillianProject/CST-336-Project-1/Site/store.php:0
[27-Mar-2017 16:25:16 UTC] PHP Warning:  Invalid argument supplied for foreach() in /home/ubuntu/workspace/VillianProject/CST-336-Project-1/Site/store.php on line 114
[27-Mar-2017 16:25:16 UTC] PHP Stack trace:
[27-Mar-2017 16:25:16 UTC] PHP   1. {main}() /home/ubuntu/workspace/VillianProject/CST-336-Project-1/Site/store.php:0
[27-Mar-2017 16:25:16 UTC] PHP Warning:  Invalid argument supplied for foreach() in /home/ubuntu/workspace/VillianProject/CST-336-Project-1/Site/store.php on line 114
[27-Mar-2017 16:25:16 UTC] PHP Stack trace:
[27-Mar-2017 16:25:16 UTC] PHP   1. {main}() /home/ubuntu/workspace/VillianProject/CST-336-Project-1/Site/store.php:0
[27-Mar-2017 16:25:16 UTC] PHP Warning:  Invalid argument supplied for foreach() in /home/ubuntu/workspace/VillianProject/CST-336-Project-1/Site/store.php on line 114
[27-Mar-2017 16:25:16 UTC] PHP Stack trace:
[27-Mar-2017 16:25:16 UTC] PHP   1. {main}() /home/ubuntu/workspace/VillianProject/CST-336-Project-1/Site/store.php:0
[27-Mar-2017 16:25:16 UTC] PHP Warning:  Invalid argument supplied for foreach() in /home/ubuntu/workspace/VillianProject/CST-336-Project-1/Site/store.php on line 114
[27-Mar-2017 16:25:16 UTC] PHP Stack trace:
[27-Mar-2017 16:25:16 UTC] PHP   1. {main}() /home/ubuntu/workspace/VillianProject/CST-336-Project-1/Site/store.php:0
[27-Mar-2017 16:25:16 UTC] PHP Warning:  Invalid argument supplied for foreach() in /home/ubuntu/workspace/VillianProject/CST-336-Project-1/Site/store.php on line 114
[27-Mar-2017 16:25:16 UTC] PHP Stack trace:
[27-Mar-2017 16:25:16 UTC] PHP   1. {main}() /home/ubuntu/workspace/VillianProject/CST-336-Project-1/Site/store.php:0
[27-Mar-2017 16:25:16 UTC] PHP Warning:  Invalid argument supplied for foreach() in /home/ubuntu/workspace/VillianProject/CST-336-Project-1/Site/store.php on line 114
[27-Mar-2017 16:25:16 UTC] PHP Stack trace:
[27-Mar-2017 16:25:16 UTC] PHP   1. {main}() /home/ubuntu/workspace/VillianProject/CST-336-Project-1/Site/store.php:0
[27-Mar-2017 16:25:16 UTC] PHP Warning:  Invalid argument supplied for foreach() in /home/ubuntu/workspace/VillianProject/CST-336-Project-1/Site/store.php on line 114
[27-Mar-2017 16:25:16 UTC] PHP Stack trace:
[27-Mar-2017 16:25:16 UTC] PHP   1. {main}() /home/ubuntu/workspace/VillianProject/CST-336-Project-1/Site/store.php:0
[27-Mar-2017 16:33:44 UTC] PHP Warning:  Invalid argument supplied for foreach() in /home/ubuntu/workspace/VillianProject/CST-336-Project-1/Site/store.php on line 121
[27-Mar-2017 16:33:44 UTC] PHP Stack trace:
[27-Mar-2017 16:33:44 UTC] PHP   1. {main}() /home/ubuntu/workspace/VillianProject/CST-336-Project-1/Site/store.php:0
[27-Mar-2017 16:33:53 UTC] PHP Warning:  Invalid argument supplied for foreach() in /home/ubuntu/workspace/VillianProject/CST-336-Project-1/Site/store.php on line 121
[27-Mar-2017 16:33:53 UTC] PHP Stack trace:
[27-Mar-2017 16:33:53 UTC] PHP   1. {main}() /home/ubuntu/workspace/VillianProject/CST-336-Project-1/Site/store.php:0
[27-Mar-2017 16:33:56 UTC] PHP Warning:  Invalid argument supplied for foreach() in /home/ubuntu/workspace/VillianProject/CST-336-Project-1/Site/store.php on line 121
[27-Mar-2017 16:33:56 UTC] PHP Stack trace:
[27-Mar-2017 16:33:56 UTC] PHP   1. {main}() /home/ubuntu/workspace/VillianProject/CST-336-Project-1/Site/store.php:0
[27-Mar-2017 16:33:56 UTC] PHP Warning:  Invalid argument supplied for foreach() in /home/ubuntu/workspace/VillianProject/CST-336-Project-1/Site/store.php on line 121
[27-Mar-2017 16:33:56 UTC] PHP Stack trace:
[27-Mar-2017 16:33:56 UTC] PHP   1. {main}() /home/ubuntu/workspace/VillianProject/CST-336-Project-1/Site/store.php:0
[27-Mar-2017 16:35:32 UTC] PHP Warning:  Invalid argument supplied for foreach() in /home/ubuntu/workspace/VillianProject/CST-336-Project-1/Site/store.php on line 122
[27-Mar-2017 16:35:32 UTC] PHP Stack trace:
[27-Mar-2017 16:35:32 UTC] PHP   1. {main}() /home/ubuntu/workspace/VillianProject/CST-336-Project-1/Site/store.php:0
[27-Mar-2017 16:35:45 UTC] PHP Warning:  Invalid argument supplied for foreach() in /home/ubuntu/workspace/VillianProject/CST-336-Project-1/Site/store.php on line 122
[27-Mar-2017 16:35:45 UTC] PHP Stack trace:
[27-Mar-2017 16:35:45 UTC] PHP   1. {main}() /home/ubuntu/workspace/VillianProject/CST-336-Project-1/Site/store.php:0
[27-Mar-2017 16:35:45 UTC] PHP Warning:  Invalid argument supplied for foreach() in /home/ubuntu/workspace/VillianProject/CST-336-Project-1/Site/store.php on line 122
[27-Mar-2017 16:35:45 UTC] PHP Stack trace:
[27-Mar-2017 16:35:45 UTC] PHP   1. {main}() /home/ubuntu/workspace/VillianProject/CST-336-Project-1/Site/store.php:0
[27-Mar-2017 16:35:46 UTC] PHP Warning:  Invalid argument supplied for foreach() in /home/ubuntu/workspace/VillianProject/CST-336-Project-1/Site/store.php on line 122
[27-Mar-2017 16:35:46 UTC] PHP Stack trace:
[27-Mar-2017 16:35:46 UTC] PHP   1. {main}() /home/ubuntu/workspace/VillianProject/CST-336-Project-1/Site/store.php:0
[27-Mar-2017 16:35:46 UTC] PHP Warning:  Invalid argument supplied for foreach() in /home/ubuntu/workspace/VillianProject/CST-336-Project-1/Site/store.php on line 122
[27-Mar-2017 16:35:46 UTC] PHP Stack trace:
[27-Mar-2017 16:35:46 UTC] PHP   1. {main}() /home/ubuntu/workspace/VillianProject/CST-336-Project-1/Site/store.php:0
[27-Mar-2017 16:35:47 UTC] PHP Warning:  Invalid argument supplied for foreach() in /home/ubuntu/workspace/VillianProject/CST-336-Project-1/Site/store.php on line 122
[27-Mar-2017 16:35:47 UTC] PHP Stack trace:
[27-Mar-2017 16:35:47 UTC] PHP   1. {main}() /home/ubuntu/workspace/VillianProject/CST-336-Project-1/Site/store.php:0
[27-Mar-2017 16:35:47 UTC] PHP Warning:  Invalid argument supplied for foreach() in /home/ubuntu/workspace/VillianProject/CST-336-Project-1/Site/store.php on line 122
[27-Mar-2017 16:35:47 UTC] PHP Stack trace:
[27-Mar-2017 16:35:47 UTC] PHP   1. {main}() /home/ubuntu/workspace/VillianProject/CST-336-Project-1/Site/store.php:0
[27-Mar-2017 16:35:48 UTC] PHP Warning:  Invalid argument supplied for foreach() in /home/ubuntu/workspace/VillianProject/CST-336-Project-1/Site/store.php on line 122
[27-Mar-2017 16:35:48 UTC] PHP Stack trace:
[27-Mar-2017 16:35:48 UTC] PHP   1. {main}() /home/ubuntu/workspace/VillianProject/CST-336-Project-1/Site/store.php:0
[27-Mar-2017 16:35:48 UTC] PHP Warning:  Invalid argument supplied for foreach() in /home/ubuntu/workspace/VillianProject/CST-336-Project-1/Site/store.php on line 122
[27-Mar-2017 16:35:48 UTC] PHP Stack trace:
[27-Mar-2017 16:35:48 UTC] PHP   1. {main}() /home/ubuntu/workspace/VillianProject/CST-336-Project-1/Site/store.php:0
[27-Mar-2017 16:35:49 UTC] PHP Warning:  Invalid argument supplied for foreach() in /home/ubuntu/workspace/VillianProject/CST-336-Project-1/Site/store.php on line 122
[27-Mar-2017 16:35:49 UTC] PHP Stack trace:
[27-Mar-2017 16:35:49 UTC] PHP   1. {main}() /home/ubuntu/workspace/VillianProject/CST-336-Project-1/Site/store.php:0
[27-Mar-2017 16:35:49 UTC] PHP Warning:  Invalid argument supplied for foreach() in /home/ubuntu/workspace/VillianProject/CST-336-Project-1/Site/store.php on line 122
[27-Mar-2017 16:35:49 UTC] PHP Stack trace:
[27-Mar-2017 16:35:49 UTC] PHP   1. {main}() /home/ubuntu/workspace/VillianProject/CST-336-Project-1/Site/store.php:0
[27-Mar-2017 16:35:49 UTC] PHP Warning:  Invalid argument supplied for foreach() in /home/ubuntu/workspace/VillianProject/CST-336-Project-1/Site/store.php on line 122
[27-Mar-2017 16:35:49 UTC] PHP Stack trace:
[27-Mar-2017 16:35:49 UTC] PHP   1. {main}() /home/ubuntu/workspace/VillianProject/CST-336-Project-1/Site/store.php:0
[27-Mar-2017 16:35:49 UTC] PHP Warning:  Invalid argument supplied for foreach() in /home/ubuntu/workspace/VillianProject/CST-336-Project-1/Site/store.php on line 122
[27-Mar-2017 16:35:49 UTC] PHP Stack trace:
[27-Mar-2017 16:35:49 UTC] PHP   1. {main}() /home/ubuntu/workspace/VillianProject/CST-336-Project-1/Site/store.php:0
[27-Mar-2017 16:35:52 UTC] PHP Warning:  Invalid argument supplied for foreach() in /home/ubuntu/workspace/VillianProject/CST-336-Project-1/Site/store.php on line 122
[27-Mar-2017 16:35:52 UTC] PHP Stack trace:
[27-Mar-2017 16:35:52 UTC] PHP   1. {main}() /home/ubuntu/workspace/VillianProject/CST-336-Project-1/Site/store.php:0
[27-Mar-2017 16:35:52 UTC] PHP Warning:  Invalid argument supplied for foreach() in /home/ubuntu/workspace/VillianProject/CST-336-Project-1/Site/store.php on line 122
[27-Mar-2017 16:35:52 UTC] PHP Stack trace:
[27-Mar-2017 16:35:52 UTC] PHP   1. {main}() /home/ubuntu/workspace/VillianProject/CST-336-Project-1/Site/store.php:0
[27-Mar-2017 16:35:54 UTC] PHP Warning:  Invalid argument supplied for foreach() in /home/ubuntu/workspace/VillianProject/CST-336-Project-1/Site/store.php on line 122
[27-Mar-2017 16:35:54 UTC] PHP Stack trace:
[27-Mar-2017 16:35:54 UTC] PHP   1. {main}() /home/ubuntu/workspace/VillianProject/CST-336-Project-1/Site/store.php:0
[27-Mar-2017 16:35:54 UTC] PHP Warning:  Invalid argument supplied for foreach() in /home/ubuntu/workspace/VillianProject/CST-336-Project-1/Site/store.php on line 122
[27-Mar-2017 16:35:54 UTC] PHP Stack trace:
[27-Mar-2017 16:35:54 UTC] PHP   1. {main}() /home/ubuntu/workspace/VillianProject/CST-336-Project-1/Site/store.php:0
[27-Mar-2017 16:35:54 UTC] PHP Warning:  Invalid argument supplied for foreach() in /home/ubuntu/workspace/VillianProject/CST-336-Project-1/Site/store.php on line 122
[27-Mar-2017 16:35:54 UTC] PHP Stack trace:
[27-Mar-2017 16:35:54 UTC] PHP   1. {main}() /home/ubuntu/workspace/VillianProject/CST-336-Project-1/Site/store.php:0
[27-Mar-2017 16:35:54 UTC] PHP Warning:  Invalid argument supplied for foreach() in /home/ubuntu/workspace/VillianProject/CST-336-Project-1/Site/store.php on line 122
[27-Mar-2017 16:35:54 UTC] PHP Stack trace:
[27-Mar-2017 16:35:54 UTC] PHP   1. {main}() /home/ubuntu/workspace/VillianProject/CST-336-Project-1/Site/store.php:0
[27-Mar-2017 16:35:54 UTC] PHP Warning:  Invalid argument supplied for foreach() in /home/ubuntu/workspace/VillianProject/CST-336-Project-1/Site/store.php on line 122
[27-Mar-2017 16:35:54 UTC] PHP Stack trace:
[27-Mar-2017 16:35:54 UTC] PHP   1. {main}() /home/ubuntu/workspace/VillianProject/CST-336-Project-1/Site/store.php:0
[27-Mar-2017 16:35:54 UTC] PHP Warning:  Invalid argument supplied for foreach() in /home/ubuntu/workspace/VillianProject/CST-336-Project-1/Site/store.php on line 122
[27-Mar-2017 16:35:54 UTC] PHP Stack trace:
[27-Mar-2017 16:35:54 UTC] PHP   1. {main}() /home/ubuntu/workspace/VillianProject/CST-336-Project-1/Site/store.php:0
[27-Mar-2017 16:35:54 UTC] PHP Warning:  Invalid argument supplied for foreach() in /home/ubuntu/workspace/VillianProject/CST-336-Project-1/Site/store.php on line 122
[27-Mar-2017 16:35:54 UTC] PHP Stack trace:
[27-Mar-2017 16:35:54 UTC] PHP   1. {main}() /home/ubuntu/workspace/VillianProject/CST-336-Project-1/Site/store.php:0
[27-Mar-2017 16:35:54 UTC] PHP Warning:  Invalid argument supplied for foreach() in /home/ubuntu/workspace/VillianProject/CST-336-Project-1/Site/store.php on line 122
[27-Mar-2017 16:35:54 UTC] PHP Stack trace:
[27-Mar-2017 16:35:54 UTC] PHP   1. {main}() /home/ubuntu/workspace/VillianProject/CST-336-Project-1/Site/store.php:0
[27-Mar-2017 16:35:54 UTC] PHP Warning:  Invalid argument supplied for foreach() in /home/ubuntu/workspace/VillianProject/CST-336-Project-1/Site/store.php on line 122
[27-Mar-2017 16:35:54 UTC] PHP Stack trace:
[27-Mar-2017 16:35:54 UTC] PHP   1. {main}() /home/ubuntu/workspace/VillianProject/CST-336-Project-1/Site/store.php:0
[27-Mar-2017 16:35:55 UTC] PHP Warning:  Invalid argument supplied for foreach() in /home/ubuntu/workspace/VillianProject/CST-336-Project-1/Site/store.php on line 122
[27-Mar-2017 16:35:55 UTC] PHP Stack trace:
[27-Mar-2017 16:35:55 UTC] PHP   1. {main}() /home/ubuntu/workspace/VillianProject/CST-336-Project-1/Site/store.php:0
[27-Mar-2017 16:35:55 UTC] PHP Warning:  Invalid argument supplied for foreach() in /home/ubuntu/workspace/VillianProject/CST-336-Project-1/Site/store.php on line 122
[27-Mar-2017 16:35:55 UTC] PHP Stack trace:
[27-Mar-2017 16:35:55 UTC] PHP   1. {main}() /home/ubuntu/workspace/VillianProject/CST-336-Project-1/Site/store.php:0
[27-Mar-2017 16:35:55 UTC] PHP Warning:  Invalid argument supplied for foreach() in /home/ubuntu/workspace/VillianProject/CST-336-Project-1/Site/store.php on line 122
[27-Mar-2017 16:35:55 UTC] PHP Stack trace:
[27-Mar-2017 16:35:55 UTC] PHP   1. {main}() /home/ubuntu/workspace/VillianProject/CST-336-Project-1/Site/store.php:0
